#
# A fatal error has been detected by the Java Runtime Environment:
#
#  EXCEPTION_ACCESS_VIOLATION (0xc0000005) at pc=0x000000005ca3a763, pid=10272, tid=0x0000000000002788
#
# JRE version: Java(TM) SE Runtime Environment (8.0_271-b09) (build 1.8.0_271-b09)
# Java VM: Java HotSpot(TM) 64-Bit Server VM (25.271-b09 mixed mode windows-amd64 compressed oops)
# Problematic frame:
# V  [jvm.dll+0x44a763]
#
# Failed to write core dump. Minidumps are not enabled by default on client versions of Windows
#
# If you would like to submit a bug report, please visit:
#   http://bugreport.java.com/bugreport/crash.jsp
#

---------------  T H R E A D  ---------------

Current thread (0x000001c8e13f8800):  JavaThread "C2 CompilerThread0" daemon [_thread_in_native, id=10120, stack(0x00000090bb400000,0x00000090bb500000)]

siginfo: ExceptionCode=0xc0000005, reading address 0xfffffffcf3f634b4

Registers:
RAX=0x000000005cd942b4, RBX=0x000001c8e86e29b0, RCX=0xfffffffc971cf200, RDX=0x000000005cc2ee28
RSP=0x00000090bb4fab68, RBP=0x00000090bb4fac70, RSI=0x000001c8e6259258, RDI=0x000000005cc2ee28
R8 =0x0000000000000000, R9 =0x0000000000000002, R10=0x000000000000012b, R11=0x0000000000000000
R12=0x0000000000000001, R13=0x000001c8e3c386e8, R14=0x000001c8e2a44ad0, R15=0x000001c8e3c386e8
RIP=0x000000005ca3a763, EFLAGS=0x0000000000010287

Top of Stack: (sp=0x00000090bb4fab68)
0x00000090bb4fab68:   000000005cae449f 000001c8e86e29b0
0x00000090bb4fab78:   000001c8e45a2ce0 00000090bb4fac70
0x00000090bb4fab88:   0000000000000002 0000009000000002
0x00000090bb4fab98:   000001c800003759 000001c8e7955b01
0x00000090bb4faba8:   00000090bb4fac00 00000090bb4fadf0
0x00000090bb4fabb8:   000000000000002d 0000000200000004
0x00000090bb4fabc8:   0000000000000000 0000000100000019
0x00000090bb4fabd8:   000000020000012b 000001c8e768e780
0x00000090bb4fabe8:   000000015ca3a700 000001c8e79ac210
0x00000090bb4fabf8:   0000085000000000 000001c8e79acb70
0x00000090bb4fac08:   000001c8e7955b50 000001c8e7951750
0x00000090bb4fac18:   0000000000000019 0000138700000000
0x00000090bb4fac28:   00000090bb4faff0 000000900000000f
0x00000090bb4fac38:   000001c8e7931790 000001c8e7949760
0x00000090bb4fac48:   0000000000001351 000001c800000001
0x00000090bb4fac58:   000001c8e7939780 000001c8e79564b0 

Instructions: (pc=0x000000005ca3a763)
0x000000005ca3a743:   c1 e0 05 8b 04 08 48 83 c4 28 c3 cc cc 48 8b 41
0x000000005ca3a753:   50 48 63 48 10 48 8d 05 55 9b 35 00 48 c1 e1 05
0x000000005ca3a763:   8b 04 01 c3 cc cc cc cc cc cc cc cc cc 48 89 5c
0x000000005ca3a773:   24 10 57 48 83 ec 20 8b fa 48 8b d9 85 d2 75 0d 


Register to memory mapping:

RAX=0x000000005cd942b4 is an unknown value
RBX=0x000001c8e86e29b0 is an unknown value
RCX=0xfffffffc971cf200 is an unknown value
RDX=0x000000005cc2ee28 is an unknown value
RSP=0x00000090bb4fab68 is pointing into the stack for thread: 0x000001c8e13f8800
RBP=0x00000090bb4fac70 is pointing into the stack for thread: 0x000001c8e13f8800
RSI=0x000001c8e6259258 is an unknown value
RDI=0x000000005cc2ee28 is an unknown value
R8 =0x0000000000000000 is an unknown value
R9 =0x0000000000000002 is an unknown value
R10=0x000000000000012b is an unknown value
R11=0x0000000000000000 is an unknown value
R12=0x0000000000000001 is an unknown value
R13=0x000001c8e3c386e8 is an unknown value
R14=0x000001c8e2a44ad0 is an unknown value
R15=0x000001c8e3c386e8 is an unknown value


Stack: [0x00000090bb400000,0x00000090bb500000],  sp=0x00000090bb4fab68,  free space=1002k
Native frames: (J=compiled Java code, j=interpreted, Vv=VM code, C=native code)
V  [jvm.dll+0x44a763]


Current CompileTask:
C2:   2860 1519   !   4       java.net.URLClassLoader$1::run (63 bytes)


---------------  P R O C E S S  ---------------

Java Threads: ( => current thread )
  0x000001c8e2e5b800 JavaThread "Cache worker for file hash cache (C:\Users\ASUS\.gradle\caches\6.5\fileHashes)" [_thread_blocked, id=8220, stack(0x00000090bc800000,0x00000090bc900000)]
  0x000001c8e2e5a800 JavaThread "File lock request listener" [_thread_in_native, id=8556, stack(0x00000090bc700000,0x00000090bc800000)]
  0x000001c8e2e58800 JavaThread "Cache worker for journal cache (C:\Users\ASUS\.gradle\caches\journal-1)" [_thread_blocked, id=8204, stack(0x00000090bc600000,0x00000090bc700000)]
  0x000001c8e44ed000 JavaThread "Thread-9" [_thread_blocked, id=8216, stack(0x00000090bc500000,0x00000090bc600000)]
  0x000001c8e44d0800 JavaThread "Stdin handler" [_thread_blocked, id=8524, stack(0x00000090bc400000,0x00000090bc500000)]
  0x000001c8e44cd800 JavaThread "Asynchronous log dispatcher for DefaultDaemonConnection: socket connection from /127.0.0.1:50042 to /127.0.0.1:50043" [_thread_blocked, id=8536, stack(0x00000090bc300000,0x00000090bc400000)]
  0x000001c8e44cc800 JavaThread "Daemon worker" [_thread_in_vm, id=8600, stack(0x00000090bc200000,0x00000090bc300000)]
  0x000001c8e44c9800 JavaThread "Cancel handler" [_thread_blocked, id=8588, stack(0x00000090bc100000,0x00000090bc200000)]
  0x000001c8e44e6000 JavaThread "Handler for socket connection from /127.0.0.1:50042 to /127.0.0.1:50043" [_thread_in_native, id=8584, stack(0x00000090bc000000,0x00000090bc100000)]
  0x000001c8e44e5000 JavaThread "Daemon" [_thread_blocked, id=8960, stack(0x00000090bbf00000,0x00000090bc000000)]
  0x000001c8e43cd000 JavaThread "Daemon periodic checks" [_thread_blocked, id=8232, stack(0x00000090bbe00000,0x00000090bbf00000)]
  0x000001c8e43c1800 JavaThread "Incoming local TCP Connector on port 50042" [_thread_in_native, id=9008, stack(0x00000090bbd00000,0x00000090bbe00000)]
  0x000001c8e43f5800 JavaThread "Daemon health stats" [_thread_blocked, id=4240, stack(0x00000090bba00000,0x00000090bbb00000)]
  0x000001c8e2800800 JavaThread "Service Thread" daemon [_thread_blocked, id=7040, stack(0x00000090bb800000,0x00000090bb900000)]
  0x000001c8e1400800 JavaThread "C1 CompilerThread3" daemon [_thread_blocked, id=7044, stack(0x00000090bb700000,0x00000090bb800000)]
  0x000001c8e13fd800 JavaThread "C2 CompilerThread2" daemon [_thread_blocked, id=7180, stack(0x00000090bb600000,0x00000090bb700000)]
  0x000001c8e13fb000 JavaThread "C2 CompilerThread1" daemon [_thread_in_native, id=7204, stack(0x00000090bb500000,0x00000090bb600000)]
=>0x000001c8e13f8800 JavaThread "C2 CompilerThread0" daemon [_thread_in_native, id=10120, stack(0x00000090bb400000,0x00000090bb500000)]
  0x000001c8e13f7800 JavaThread "Attach Listener" daemon [_thread_blocked, id=6668, stack(0x00000090bb300000,0x00000090bb400000)]
  0x000001c8e13f7000 JavaThread "Signal Dispatcher" daemon [_thread_blocked, id=10100, stack(0x00000090bb200000,0x00000090bb300000)]
  0x000001c8e07dd000 JavaThread "Finalizer" daemon [_thread_blocked, id=6684, stack(0x00000090bb100000,0x00000090bb200000)]
  0x000001c8e07d6800 JavaThread "Reference Handler" daemon [_thread_blocked, id=7076, stack(0x00000090bb000000,0x00000090bb100000)]
  0x000001c8ca6ef800 JavaThread "main" [_thread_blocked, id=11784, stack(0x00000090ba600000,0x00000090ba700000)]

Other Threads:
  0x000001c8e07d3800 VMThread [stack: 0x00000090baf00000,0x00000090bb000000] [id=6884]
  0x000001c8e147e000 WatcherThread [stack: 0x00000090bb900000,0x00000090bba00000] [id=7152]

VM state:not at safepoint (normal execution)

VM Mutex/Monitor currently owned by a thread: None

heap address: 0x0000000080000000, size: 2048 MB, Compressed Oops mode: 32-bit
Narrow klass base: 0x0000000000000000, Narrow klass shift: 3
Compressed class space size: 1073741824 Address: 0x0000000100000000

Heap:
 PSYoungGen      total 38400K, used 16413K [0x00000000d5580000, 0x00000000daa80000, 0x0000000100000000)
  eden space 33280K, 33% used [0x00000000d5580000,0x00000000d6087760,0x00000000d7600000)
  from space 5120K, 100% used [0x00000000d7600000,0x00000000d7b00000,0x00000000d7b00000)
  to   space 10240K, 0% used [0x00000000da080000,0x00000000da080000,0x00000000daa80000)
 ParOldGen       total 87552K, used 7289K [0x0000000080000000, 0x0000000085580000, 0x00000000d5580000)
  object space 87552K, 8% used [0x0000000080000000,0x000000008071e710,0x0000000085580000)
 Metaspace       used 19288K, capacity 19900K, committed 20096K, reserved 1067008K
  class space    used 2720K, capacity 2872K, committed 2944K, reserved 1048576K

Card table byte_map: [0x000001c8db3f0000,0x000001c8db800000] byte_map_base: 0x000001c8daff0000

Marking Bits: (ParMarkBitMap*) 0x000000005cde7fe0
 Begin Bits: [0x000001c8dbab0000, 0x000001c8ddab0000)
 End Bits:   [0x000001c8ddab0000, 0x000001c8dfab0000)

Polling page: 0x000001c8ca850000

CodeCache: size=245760Kb used=5855Kb max_used=5855Kb free=239904Kb
 bounds [0x000001c8cc030000, 0x000001c8cc5f0000, 0x000001c8db030000]
 total_blobs=2128 nmethods=1715 adapters=325
 compilation: enabled

Compilation events (10 events):
Event: 2.839 Thread 0x000001c8e1400800 1708       3       sun.reflect.generics.tree.SimpleClassTypeSignature::<init> (20 bytes)
Event: 2.839 Thread 0x000001c8e1400800 nmethod 1708 0x000001c8cc5df1d0 code [0x000001c8cc5df320, 0x000001c8cc5df518]
Event: 2.841 Thread 0x000001c8e1400800 1712       3       java.net.URI::match (56 bytes)
Event: 2.841 Thread 0x000001c8e1400800 nmethod 1712 0x000001c8cc5decd0 code [0x000001c8cc5dee40, 0x000001c8cc5df158]
Event: 2.841 Thread 0x000001c8e1400800 1713       3       java.net.URI$Parser::scan (73 bytes)
Event: 2.842 Thread 0x000001c8e1400800 nmethod 1713 0x000001c8cc5e0510 code [0x000001c8cc5e06e0, 0x000001c8cc5e0df0]
Event: 2.842 Thread 0x000001c8e1400800 1714       3       sun.nio.cs.UTF_8$Decoder::decodeLoop (28 bytes)
Event: 2.842 Thread 0x000001c8e1400800 nmethod 1714 0x000001c8cc5e6c90 code [0x000001c8cc5e6e20, 0x000001c8cc5e7360]
Event: 2.842 Thread 0x000001c8e1400800 1715       3       java.util.concurrent.locks.AbstractQueuedSynchronizer::compareAndSetState (13 bytes)
Event: 2.842 Thread 0x000001c8e1400800 nmethod 1715 0x000001c8cc5de990 code [0x000001c8cc5deae0, 0x000001c8cc5dec58]

GC Heap History (10 events):
Event: 0.724 GC heap before
{Heap before GC invocations=1 (full 0):
 PSYoungGen      total 38400K, used 33280K [0x00000000d5580000, 0x00000000d8000000, 0x0000000100000000)
  eden space 33280K, 100% used [0x00000000d5580000,0x00000000d7600000,0x00000000d7600000)
  from space 5120K, 0% used [0x00000000d7b00000,0x00000000d7b00000,0x00000000d8000000)
  to   space 5120K, 0% used [0x00000000d7600000,0x00000000d7600000,0x00000000d7b00000)
 ParOldGen       total 87552K, used 0K [0x0000000080000000, 0x0000000085580000, 0x00000000d5580000)
  object space 87552K, 0% used [0x0000000080000000,0x0000000080000000,0x0000000085580000)
 Metaspace       used 7324K, capacity 7550K, committed 7680K, reserved 1056768K
  class space    used 925K, capacity 1005K, committed 1024K, reserved 1048576K
Event: 0.729 GC heap after
Heap after GC invocations=1 (full 0):
 PSYoungGen      total 38400K, used 4681K [0x00000000d5580000, 0x00000000d8000000, 0x0000000100000000)
  eden space 33280K, 0% used [0x00000000d5580000,0x00000000d5580000,0x00000000d7600000)
  from space 5120K, 91% used [0x00000000d7600000,0x00000000d7a927c0,0x00000000d7b00000)
  to   space 5120K, 0% used [0x00000000d7b00000,0x00000000d7b00000,0x00000000d8000000)
 ParOldGen       total 87552K, used 16K [0x0000000080000000, 0x0000000085580000, 0x00000000d5580000)
  object space 87552K, 0% used [0x0000000080000000,0x0000000080004000,0x0000000085580000)
 Metaspace       used 7324K, capacity 7550K, committed 7680K, reserved 1056768K
  class space    used 925K, capacity 1005K, committed 1024K, reserved 1048576K
}
Event: 0.948 GC heap before
{Heap before GC invocations=2 (full 0):
 PSYoungGen      total 38400K, used 37961K [0x00000000d5580000, 0x00000000d8000000, 0x0000000100000000)
  eden space 33280K, 100% used [0x00000000d5580000,0x00000000d7600000,0x00000000d7600000)
  from space 5120K, 91% used [0x00000000d7600000,0x00000000d7a927c0,0x00000000d7b00000)
  to   space 5120K, 0% used [0x00000000d7b00000,0x00000000d7b00000,0x00000000d8000000)
 ParOldGen       total 87552K, used 16K [0x0000000080000000, 0x0000000085580000, 0x00000000d5580000)
  object space 87552K, 0% used [0x0000000080000000,0x0000000080004000,0x0000000085580000)
 Metaspace       used 7588K, capacity 7862K, committed 8064K, reserved 1056768K
  class space    used 961K, capacity 1045K, committed 1152K, reserved 1048576K
Event: 0.951 GC heap after
Heap after GC invocations=2 (full 0):
 PSYoungGen      total 38400K, used 3601K [0x00000000d5580000, 0x00000000da080000, 0x0000000100000000)
  eden space 33280K, 0% used [0x00000000d5580000,0x00000000d5580000,0x00000000d7600000)
  from space 5120K, 70% used [0x00000000d7b00000,0x00000000d7e84618,0x00000000d8000000)
  to   space 5120K, 0% used [0x00000000d7600000,0x00000000d7600000,0x00000000d7b00000)
 ParOldGen       total 87552K, used 24K [0x0000000080000000, 0x0000000085580000, 0x00000000d5580000)
  object space 87552K, 0% used [0x0000000080000000,0x0000000080006000,0x0000000085580000)
 Metaspace       used 7588K, capacity 7862K, committed 8064K, reserved 1056768K
  class space    used 961K, capacity 1045K, committed 1152K, reserved 1048576K
}
Event: 2.333 GC heap before
{Heap before GC invocations=3 (full 0):
 PSYoungGen      total 38400K, used 36881K [0x00000000d5580000, 0x00000000da080000, 0x0000000100000000)
  eden space 33280K, 100% used [0x00000000d5580000,0x00000000d7600000,0x00000000d7600000)
  from space 5120K, 70% used [0x00000000d7b00000,0x00000000d7e84618,0x00000000d8000000)
  to   space 5120K, 0% used [0x00000000d7600000,0x00000000d7600000,0x00000000d7b00000)
 ParOldGen       total 87552K, used 24K [0x0000000080000000, 0x0000000085580000, 0x00000000d5580000)
  object space 87552K, 0% used [0x0000000080000000,0x0000000080006000,0x0000000085580000)
 Metaspace       used 12604K, capacity 12984K, committed 13184K, reserved 1060864K
  class space    used 1727K, capacity 1864K, committed 1920K, reserved 1048576K
Event: 2.338 GC heap after
Heap after GC invocations=3 (full 0):
 PSYoungGen      total 38400K, used 5088K [0x00000000d5580000, 0x00000000d8000000, 0x0000000100000000)
  eden space 33280K, 0% used [0x00000000d5580000,0x00000000d5580000,0x00000000d7600000)
  from space 5120K, 99% used [0x00000000d7600000,0x00000000d7af8020,0x00000000d7b00000)
  to   space 5120K, 0% used [0x00000000d7b00000,0x00000000d7b00000,0x00000000d8000000)
 ParOldGen       total 87552K, used 1522K [0x0000000080000000, 0x0000000085580000, 0x00000000d5580000)
  object space 87552K, 1% used [0x0000000080000000,0x000000008017ca20,0x0000000085580000)
 Metaspace       used 12604K, capacity 12984K, committed 13184K, reserved 1060864K
  class space    used 1727K, capacity 1864K, committed 1920K, reserved 1048576K
}
Event: 2.552 GC heap before
{Heap before GC invocations=4 (full 0):
 PSYoungGen      total 38400K, used 38368K [0x00000000d5580000, 0x00000000d8000000, 0x0000000100000000)
  eden space 33280K, 100% used [0x00000000d5580000,0x00000000d7600000,0x00000000d7600000)
  from space 5120K, 99% used [0x00000000d7600000,0x00000000d7af8020,0x00000000d7b00000)
  to   space 5120K, 0% used [0x00000000d7b00000,0x00000000d7b00000,0x00000000d8000000)
 ParOldGen       total 87552K, used 1522K [0x0000000080000000, 0x0000000085580000, 0x00000000d5580000)
  object space 87552K, 1% used [0x0000000080000000,0x000000008017ca20,0x0000000085580000)
 Metaspace       used 16088K, capacity 16644K, committed 16768K, reserved 1062912K
  class space    used 2169K, capacity 2330K, committed 2432K, reserved 1048576K
Event: 2.558 GC heap after
Heap after GC invocations=4 (full 0):
 PSYoungGen      total 38400K, used 5104K [0x00000000d5580000, 0x00000000da080000, 0x0000000100000000)
  eden space 33280K, 0% used [0x00000000d5580000,0x00000000d5580000,0x00000000d7600000)
  from space 5120K, 99% used [0x00000000d7b00000,0x00000000d7ffc010,0x00000000d8000000)
  to   space 5120K, 0% used [0x00000000d7600000,0x00000000d7600000,0x00000000d7b00000)
 ParOldGen       total 87552K, used 4219K [0x0000000080000000, 0x0000000085580000, 0x00000000d5580000)
  object space 87552K, 4% used [0x0000000080000000,0x000000008041ec98,0x0000000085580000)
 Metaspace       used 16088K, capacity 16644K, committed 16768K, reserved 1062912K
  class space    used 2169K, capacity 2330K, committed 2432K, reserved 1048576K
}
Event: 2.747 GC heap before
{Heap before GC invocations=5 (full 0):
 PSYoungGen      total 38400K, used 38384K [0x00000000d5580000, 0x00000000da080000, 0x0000000100000000)
  eden space 33280K, 100% used [0x00000000d5580000,0x00000000d7600000,0x00000000d7600000)
  from space 5120K, 99% used [0x00000000d7b00000,0x00000000d7ffc010,0x00000000d8000000)
  to   space 5120K, 0% used [0x00000000d7600000,0x00000000d7600000,0x00000000d7b00000)
 ParOldGen       total 87552K, used 4219K [0x0000000080000000, 0x0000000085580000, 0x00000000d5580000)
  object space 87552K, 4% used [0x0000000080000000,0x000000008041ec98,0x0000000085580000)
 Metaspace       used 18149K, capacity 18722K, committed 18944K, reserved 1064960K
  class space    used 2551K, capacity 2723K, committed 2816K, reserved 1048576K
Event: 2.754 GC heap after
Heap after GC invocations=5 (full 0):
 PSYoungGen      total 38400K, used 5120K [0x00000000d5580000, 0x00000000daa80000, 0x0000000100000000)
  eden space 33280K, 0% used [0x00000000d5580000,0x00000000d5580000,0x00000000d7600000)
  from space 5120K, 100% used [0x00000000d7600000,0x00000000d7b00000,0x00000000d7b00000)
  to   space 10240K, 0% used [0x00000000da080000,0x00000000da080000,0x00000000daa80000)
 ParOldGen       total 87552K, used 7289K [0x0000000080000000, 0x0000000085580000, 0x00000000d5580000)
  object space 87552K, 8% used [0x0000000080000000,0x000000008071e710,0x0000000085580000)
 Metaspace       used 18149K, capacity 18722K, committed 18944K, reserved 1064960K
  class space    used 2551K, capacity 2723K, committed 2816K, reserved 1048576K
}

Deoptimization events (10 events):
Event: 2.526 Thread 0x000001c8e44cc800 Uncommon trap: reason=unstable_if action=reinterpret pc=0x000001c8cc3632bc method=java.io.File.getName()Ljava/lang/String; @ 16
Event: 2.526 Thread 0x000001c8e44cc800 Uncommon trap: reason=unstable_if action=reinterpret pc=0x000001c8cc3591dc method=java.lang.String.substring(I)Ljava/lang/String; @ 35
Event: 2.654 Thread 0x000001c8e44cc800 Uncommon trap: reason=unstable_if action=reinterpret pc=0x000001c8cc35bc70 method=java.util.LinkedHashMap.afterNodeInsertion(Z)V @ 1
Event: 2.655 Thread 0x000001c8e44cc800 Uncommon trap: reason=unstable_if action=reinterpret pc=0x000001c8cc2a4584 method=java.util.HashMap.getNode(ILjava/lang/Object;)Ljava/util/HashMap$Node; @ 129
Event: 2.655 Thread 0x000001c8e44cc800 Uncommon trap: reason=bimorphic action=maybe_recompile pc=0x000001c8cc4de1d4 method=java.util.HashMap.putVal(ILjava/lang/Object;Ljava/lang/Object;ZZ)Ljava/lang/Object; @ 203
Event: 2.656 Thread 0x000001c8e44cc800 Uncommon trap: reason=unstable_if action=reinterpret pc=0x000001c8cc298150 method=java.util.HashMap.getNode(ILjava/lang/Object;)Ljava/util/HashMap$Node; @ 129
Event: 2.656 Thread 0x000001c8e44cc800 Uncommon trap: reason=bimorphic action=maybe_recompile pc=0x000001c8cc4de1d4 method=java.util.HashMap.putVal(ILjava/lang/Object;Ljava/lang/Object;ZZ)Ljava/lang/Object; @ 203
Event: 2.728 Thread 0x000001c8e44cc800 Uncommon trap: reason=unstable_if action=reinterpret pc=0x000001c8cc550a24 method=java.util.jar.Attributes$Name.isDigit(C)Z @ 3
Event: 2.841 Thread 0x000001c8e44cc800 Uncommon trap: reason=unstable_if action=reinterpret pc=0x000001c8cc207388 method=java.net.URI.match(CJJ)Z @ 19
Event: 2.841 Thread 0x000001c8e44cc800 Uncommon trap: reason=unstable_if action=reinterpret pc=0x000001c8cc2d65c0 method=java.net.URI.match(CJJ)Z @ 19

Classes redefined (0 events):
No events

Internal exceptions (10 events):
Event: 2.287 Thread 0x000001c8e44e6000 Exception <a 'java/lang/NoSuchMethodError': <clinit>> (0x00000000d7167920) thrown at [C:\jenkins\workspace\8-2-build-windows-amd64-cygwin\jdk8u271\605\hotspot\src\share\vm\prims\jni.cpp, line 1615]
Event: 2.288 Thread 0x000001c8e44e6000 Exception <a 'java/lang/NoSuchMethodError': <clinit>> (0x00000000d717bf08) thrown at [C:\jenkins\workspace\8-2-build-windows-amd64-cygwin\jdk8u271\605\hotspot\src\share\vm\prims\jni.cpp, line 1615]
Event: 2.293 Thread 0x000001c8e44e6000 Exception <a 'java/lang/NoSuchMethodError': <clinit>> (0x00000000d71e8ed8) thrown at [C:\jenkins\workspace\8-2-build-windows-amd64-cygwin\jdk8u271\605\hotspot\src\share\vm\prims\jni.cpp, line 1615]
Event: 2.297 Thread 0x000001c8e44e6000 Exception <a 'java/lang/NoSuchMethodError': <clinit>> (0x00000000d72233e8) thrown at [C:\jenkins\workspace\8-2-build-windows-amd64-cygwin\jdk8u271\605\hotspot\src\share\vm\prims\jni.cpp, line 1615]
Event: 2.300 Thread 0x000001c8e44e6000 Exception <a 'java/lang/NoSuchMethodError': <clinit>> (0x00000000d7259030) thrown at [C:\jenkins\workspace\8-2-build-windows-amd64-cygwin\jdk8u271\605\hotspot\src\share\vm\prims\jni.cpp, line 1615]
Event: 2.301 Thread 0x000001c8e44e6000 Exception <a 'java/lang/NoSuchMethodError': <clinit>> (0x00000000d72655a8) thrown at [C:\jenkins\workspace\8-2-build-windows-amd64-cygwin\jdk8u271\605\hotspot\src\share\vm\prims\jni.cpp, line 1615]
Event: 2.547 Thread 0x000001c8e44cc800 Exception <a 'java/lang/NoSuchMethodError': java.lang.Object.lambda$and$0(Ljava/util/function/Predicate;Ljava/lang/Object;)Z> (0x00000000d75b1a60) thrown at [C:\jenkins\workspace\8-2-build-windows-amd64-cygwin\jdk8u271\605\hotspot\src\share\vm\interpreter
Event: 2.550 Thread 0x000001c8e44cc800 Exception <a 'java/lang/IncompatibleClassChangeError': Found class java.lang.Object, but interface was expected> (0x00000000d75c1d58) thrown at [C:\jenkins\workspace\8-2-build-windows-amd64-cygwin\jdk8u271\605\hotspot\src\share\vm\interpreter\linkResolver
Event: 2.551 Thread 0x000001c8e44cc800 Exception <a 'java/lang/NoSuchMethodError': java.lang.Object.lambda$or$2(Ljava/util/function/Predicate;Ljava/lang/Object;)Z> (0x00000000d75c68a8) thrown at [C:\jenkins\workspace\8-2-build-windows-amd64-cygwin\jdk8u271\605\hotspot\src\share\vm\interpreter\
Event: 2.680 Thread 0x000001c8e44cc800 Exception <a 'java/lang/NoSuchMethodError': java.lang.Object.lambda$static$0(Lorg/gradle/internal/state/ModelObject;)Ljava/lang/String;> (0x00000000d6d4f7a0) thrown at [C:\jenkins\workspace\8-2-build-windows-amd64-cygwin\jdk8u271\605\hotspot\src\share\vm\

Events (10 events):
Event: 2.844 loading class org/gradle/language/nativeplatform/internal/incremental/CompilationStateCacheFactory
Event: 2.844 loading class org/gradle/language/nativeplatform/internal/incremental/CompilationStateCacheFactory done
Event: 2.845 loading class org/gradle/language/nativeplatform/internal/incremental/sourceparser/CachingCSourceParser
Event: 2.845 loading class org/gradle/language/nativeplatform/internal/incremental/sourceparser/CachingCSourceParser done
Event: 2.845 loading class org/gradle/language/nativeplatform/internal/incremental/sourceparser/CSourceParser
Event: 2.845 loading class org/gradle/language/nativeplatform/internal/incremental/sourceparser/CSourceParser done
Event: 2.845 loading class org/gradle/cache/internal/FileContentCacheFactory$Calculator
Event: 2.845 loading class org/gradle/cache/internal/FileContentCacheFactory$Calculator done
Event: 2.845 loading class org/gradle/instantexecution/fingerprint/InstantExecutionCacheFingerprintController
Event: 2.845 loading class org/gradle/instantexecution/fingerprint/InstantExecutionCacheFingerprintController done


Dynamic libraries:
0x00007ff6fe520000 - 0x00007ff6fe567000 	C:\Program Files\Java\jdk1.8.0_271\bin\java.exe
0x00007ffc93570000 - 0x00007ffc93764000 	C:\Windows\SYSTEM32\ntdll.dll
0x00007ffc92b90000 - 0x00007ffc92c4d000 	C:\Windows\System32\KERNEL32.DLL
0x00007ffc90f80000 - 0x00007ffc91247000 	C:\Windows\System32\KERNELBASE.dll
0x00007ffc93030000 - 0x00007ffc930da000 	C:\Windows\System32\ADVAPI32.dll
0x00007ffc930e0000 - 0x00007ffc9317e000 	C:\Windows\System32\msvcrt.dll
0x00007ffc92450000 - 0x00007ffc924eb000 	C:\Windows\System32\sechost.dll
0x00007ffc91a50000 - 0x00007ffc91b73000 	C:\Windows\System32\RPCRT4.dll
0x00007ffc92850000 - 0x00007ffc929f0000 	C:\Windows\System32\USER32.dll
0x00007ffc90c90000 - 0x00007ffc90cb2000 	C:\Windows\System32\win32u.dll
0x00007ffc91a20000 - 0x00007ffc91a4a000 	C:\Windows\System32\GDI32.dll
0x00007ffc91450000 - 0x00007ffc9155a000 	C:\Windows\System32\gdi32full.dll
0x00007ffc91250000 - 0x00007ffc912ed000 	C:\Windows\System32\msvcp_win.dll
0x00007ffc90e50000 - 0x00007ffc90f50000 	C:\Windows\System32\ucrtbase.dll
0x00007ffc900c0000 - 0x00007ffc9035a000 	C:\Windows\WinSxS\amd64_microsoft.windows.common-controls_6595b64144ccf1df_6.0.19041.1_none_b555e41d4684ddec\COMCTL32.dll
0x00007ffc92420000 - 0x00007ffc92450000 	C:\Windows\System32\IMM32.DLL
0x00007ffc62740000 - 0x00007ffc62755000 	C:\Program Files\Java\jdk1.8.0_271\jre\bin\vcruntime140.dll
0x00007ffc56980000 - 0x00007ffc56a1b000 	C:\Program Files\Java\jdk1.8.0_271\jre\bin\msvcp140.dll
0x000000005c5f0000 - 0x000000005ce5f000 	C:\Program Files\Java\jdk1.8.0_271\jre\bin\server\jvm.dll
0x00007ffc91c30000 - 0x00007ffc91c38000 	C:\Windows\System32\PSAPI.DLL
0x00007ffc87ed0000 - 0x00007ffc87ed9000 	C:\Windows\SYSTEM32\WSOCK32.dll
0x00007ffc7e010000 - 0x00007ffc7e037000 	C:\Windows\SYSTEM32\WINMM.dll
0x00007ffc929f0000 - 0x00007ffc92a5b000 	C:\Windows\System32\WS2_32.dll
0x00007ffc86c90000 - 0x00007ffc86c9a000 	C:\Windows\SYSTEM32\VERSION.dll
0x00007ffc8ef50000 - 0x00007ffc8ef63000 	C:\Windows\SYSTEM32\kernel.appcore.dll
0x00007ffc873d0000 - 0x00007ffc873e0000 	C:\Program Files\Java\jdk1.8.0_271\jre\bin\verify.dll
0x00007ffc61920000 - 0x00007ffc6194b000 	C:\Program Files\Java\jdk1.8.0_271\jre\bin\java.dll
0x00007ffc61900000 - 0x00007ffc61918000 	C:\Program Files\Java\jdk1.8.0_271\jre\bin\zip.dll
0x00007ffc91ce0000 - 0x00007ffc92415000 	C:\Windows\System32\SHELL32.dll
0x00007ffc8e7b0000 - 0x00007ffc8ef3f000 	C:\Windows\SYSTEM32\windows.storage.dll
0x00007ffc924f0000 - 0x00007ffc92843000 	C:\Windows\System32\combase.dll
0x00007ffc90020000 - 0x00007ffc9004b000 	C:\Windows\SYSTEM32\Wldp.dll
0x00007ffc91b80000 - 0x00007ffc91c2e000 	C:\Windows\System32\SHCORE.dll
0x00007ffc92f70000 - 0x00007ffc92fc5000 	C:\Windows\System32\shlwapi.dll
0x00007ffc90bd0000 - 0x00007ffc90bef000 	C:\Windows\SYSTEM32\profapi.dll
0x00007ffc56960000 - 0x00007ffc5697c000 	C:\Program Files\Java\jdk1.8.0_271\jre\bin\net.dll
0x00007ffc8fda0000 - 0x00007ffc8fe0a000 	C:\Windows\system32\mswsock.dll
0x00007ffc56940000 - 0x00007ffc56953000 	C:\Program Files\Java\jdk1.8.0_271\jre\bin\nio.dll
0x00007ffc6ef60000 - 0x00007ffc6ef87000 	C:\Users\ASUS\.gradle\native\f6784746aeab05261644944871eae4fe03e0ef1612fff0a4a95f87b438bc6780\windows-amd64\native-platform.dll
0x00007ffc86ce0000 - 0x00007ffc86ced000 	C:\Program Files\Java\jdk1.8.0_271\jre\bin\management.dll
0x00007ffc90950000 - 0x00007ffc90968000 	C:\Windows\SYSTEM32\CRYPTSP.dll
0x00007ffc8f750000 - 0x00007ffc8f784000 	C:\Windows\system32\rsaenh.dll
0x00007ffc90f50000 - 0x00007ffc90f77000 	C:\Windows\System32\bcrypt.dll
0x00007ffc90b90000 - 0x00007ffc90bbe000 	C:\Windows\SYSTEM32\USERENV.dll
0x00007ffc90d70000 - 0x00007ffc90def000 	C:\Windows\System32\bcryptprimitives.dll
0x00007ffc8ff70000 - 0x00007ffc8ff7c000 	C:\Windows\SYSTEM32\CRYPTBASE.dll
0x00007ffc8fa90000 - 0x00007ffc8facb000 	C:\Windows\SYSTEM32\IPHLPAPI.DLL
0x00007ffc91cd0000 - 0x00007ffc91cd9000 	C:\Windows\System32\NSI.dll
0x00007ffc85260000 - 0x00007ffc85277000 	C:\Windows\SYSTEM32\dhcpcsvc6.DLL
0x00007ffc85240000 - 0x00007ffc8525d000 	C:\Windows\SYSTEM32\dhcpcsvc.DLL
0x00007ffc8fad0000 - 0x00007ffc8fb9a000 	C:\Windows\SYSTEM32\DNSAPI.dll
0x00007ffc84e30000 - 0x00007ffc84e3b000 	C:\Windows\SYSTEM32\WINNSI.DLL
0x00007ffc90760000 - 0x00007ffc90944000 	C:\Windows\SYSTEM32\dbghelp.dll

VM Arguments:
jvm_args: -Xmx2048m -Dfile.encoding=windows-1252 -Duser.country=US -Duser.language=en -Duser.variant 
java_command: org.gradle.launcher.daemon.bootstrap.GradleDaemon 6.5
java_class_path (initial): C:\Users\ASUS\.gradle\wrapper\dists\gradle-6.5-bin\6nifqtx7604sqp1q6g8wikw7p\gradle-6.5\lib\gradle-launcher-6.5.jar
Launcher Type: SUN_STANDARD

Environment Variables:
JAVA_HOME=C:\Program Files\Java\jdk1.8.0_271
PATH=C:\Program Files (x86)\Common Files\Oracle\Java\javapath;C:\Windows\system32;C:\Windows;C:\Windows\System32\Wbem;C:\Windows\System32\WindowsPowerShell\v1.0\;C:\Windows\System32\OpenSSH\;E:\Tools\Git\cmd;C:\Program Files\nodejs\;C:\gradle-6.7\bin;C:\Program Files\Java\jdk1.8.0_271\bin;C:\Users\ASUS\AppData\Local\Android\Sdk\platform-tools;C:\Users\ASUS\AppData\Local\Android\Sdk\platforms;C:\Users\ASUS\AppData\Local\Android\Sdk\tools;C:\Users\ASUS\AppData\Local\Microsoft\WindowsApps;C:\Users\ASUS\AppData\Roaming\npm;E:\Tools\Microsoft VS Code\bin
USERNAME=ASUS
OS=Windows_NT
PROCESSOR_IDENTIFIER=Intel64 Family 6 Model 142 Stepping 10, GenuineIntel



---------------  S Y S T E M  ---------------

OS: Windows 10.0 , 64 bit Build 19041 (10.0.19041.292)

CPU:total 8 (initial active 8) (4 cores per cpu, 2 threads per core) family 6 model 142 stepping 10, cmov, cx8, fxsr, mmx, sse, sse2, sse3, ssse3, sse4.1, sse4.2, popcnt, avx, avx2, aes, clmul, erms, 3dnowpref, lzcnt, ht, tsc, tscinvbit, bmi1, bmi2, adx

Memory: 4k page, physical 8268388k(2725528k free), swap 16656996k(10160852k free)

vm_info: Java HotSpot(TM) 64-Bit Server VM (25.271-b09) for windows-amd64 JRE (1.8.0_271-b09), built on Sep 16 2020 19:14:59 by "" with MS VC++ 15.9 (VS2017)

time: Fri Oct 23 09:04:30 2020
timezone: SE Asia Standard Time
elapsed time: 2.866452 seconds (0d 0h 0m 2s)

